<?xml version="1.0" encoding="UTF-8"?>
<!-- Generated by org.testng.reporters.JUnitReportReporter -->
<testsuite name="com.Testing.Demo1" tests="2" time="21.797" ignored="0" failures="0" timestamp="30 Oct 2020 11:54:47 GMT" skipped="0" hostname="LAPTOP-9OT0DJ0O" errors="0">
  <testcase name="verifyTitle" time="15.478" classname="com.Testing.Demo1"/>
  <testcase name="LoginVerify" time="6.319" classname="com.Testing.Demo1"/>
</testsuite> <!-- com.Testing.Demo1 -->
