<?xml version="1.0" encoding="UTF-8"?>
<!-- Generated by org.testng.reporters.JUnitReportReporter -->
<testsuite name="com.Testing.Demo" tests="2" time="14.974" ignored="0" failures="0" timestamp="30 Oct 2020 11:54:47 GMT" skipped="0" hostname="LAPTOP-9OT0DJ0O" errors="0">
  <testcase name="LoginVerify" time="3.930" classname="com.Testing.Demo"/>
  <testcase name="verifyTitle" time="11.044" classname="com.Testing.Demo"/>
</testsuite> <!-- com.Testing.Demo -->
