<?xml version="1.0" encoding="UTF-8"?>
<!-- Generated by org.testng.reporters.JUnitReportReporter -->
<testsuite name="com.Testing.Demo" tests="2" time="8.539" ignored="0" failures="0" timestamp="25 Oct 2020 17:00:57 GMT" skipped="0" hostname="LAPTOP-9OT0DJ0O" errors="0">
  <testcase name="LoginVerify" time="1.037" classname="com.Testing.Demo"/>
  <testcase name="verifyTitle" time="7.502" classname="com.Testing.Demo"/>
</testsuite> <!-- com.Testing.Demo -->
