<?xml version="1.0" encoding="UTF-8"?>
<!-- Generated by org.testng.reporters.JUnitReportReporter -->
<testsuite name="com.Testing.DemoTest" tests="2" time="38.254" ignored="0" failures="0" timestamp="01 Nov 2020 07:16:03 GMT" skipped="0" hostname="LAPTOP-9OT0DJ0O" errors="0">
  <testcase name="LoginVerify" time="6.161" classname="com.Testing.DemoTest"/>
  <testcase name="verifyTitle" time="32.093" classname="com.Testing.DemoTest"/>
</testsuite> <!-- com.Testing.DemoTest -->
