<?xml version="1.0" encoding="UTF-8"?>
<!-- Generated by org.testng.reporters.JUnitReportReporter -->
<testsuite name="com.Testing.Demo1" tests="2" time="15.555" ignored="0" failures="0" timestamp="25 Oct 2020 17:00:57 GMT" skipped="0" hostname="LAPTOP-9OT0DJ0O" errors="0">
  <testcase name="verifyTitle" time="13.702" classname="com.Testing.Demo1"/>
  <testcase name="LoginVerify" time="1.853" classname="com.Testing.Demo1"/>
</testsuite> <!-- com.Testing.Demo1 -->
